Using pre-set license
Built from '2020.3/staging' branch; Version is '2020.3.11f1 (99c7afb366b3) revision 10078127'; Using compiler version '192528614'; Build Type 'Release'
OS: 'Windows 10 Home; OS build 19043.1165; Version 2009; 64bit' Language: 'en' Physical Memory: 7843 MB
BatchMode: 1, IsHumanControllingUs: 0, StartBugReporterOnCrash: 0, Is64bit: 1, IsPro: 0

 COMMAND LINE ARGUMENTS:
C:\Program Files\Unity\Hub\Editor\2020.3.11f1\Editor\Unity.exe
-adb2
-batchMode
-noUpm
-name
AssetImportWorker0
-projectPath
C:/Users/Sabhari Shrinivas/Documents/unity projects/Space Impact/Space-Impact/Space Impact
-logFile
Logs/AssetImportWorker0.log
-srvPort
49403
Successfully changed project path to: C:/Users/Sabhari Shrinivas/Documents/unity projects/Space Impact/Space-Impact/Space Impact
C:/Users/Sabhari Shrinivas/Documents/unity projects/Space Impact/Space-Impact/Space Impact
Using Asset Import Pipeline V2.
Refreshing native plugins compatible for Editor in 60.06 ms, found 3 plugins.
Preloading 0 native plugins for Editor in 0.00 ms.
Initialize engine version: 2020.3.11f1 (99c7afb366b3)
[Subsystems] Discovering subsystems at path C:/Program Files/Unity/Hub/Editor/2020.3.11f1/Editor/Data/Resources/UnitySubsystems
[Subsystems] Discovering subsystems at path C:/Users/Sabhari Shrinivas/Documents/unity projects/Space Impact/Space-Impact/Space Impact/Assets
GfxDevice: creating device client; threaded=0
Direct3D:
    Version:  Direct3D 11.0 [level 11.1]
    Renderer: AMD Radeon(TM) Vega 8 Graphics (ID=0x15dd)
    Vendor:   
    VRAM:     3921 MB
    Driver:   27.20.2001.13001
Initialize mono
Mono path[0] = 'C:/Program Files/Unity/Hub/Editor/2020.3.11f1/Editor/Data/Managed'
Mono path[1] = 'C:/Program Files/Unity/Hub/Editor/2020.3.11f1/Editor/Data/MonoBleedingEdge/lib/mono/unityjit'
Mono config path = 'C:/Program Files/Unity/Hub/Editor/2020.3.11f1/Editor/Data/MonoBleedingEdge/etc'
Using monoOptions --debugger-agent=transport=dt_socket,embedding=1,server=y,suspend=n,address=127.0.0.1:56896
Begin MonoManager ReloadAssembly
Registering precompiled unity dll's ...
Register platform support module: C:/Program Files/Unity/Hub/Editor/2020.3.11f1/Editor/Data/PlaybackEngines/WebGLSupport/UnityEditor.WebGL.Extensions.dll
Register platform support module: C:/Program Files/Unity/Hub/Editor/2020.3.11f1/Editor/Data/PlaybackEngines/MacStandaloneSupport/UnityEditor.OSXStandalone.Extensions.dll
Register platform support module: C:/Program Files/Unity/Hub/Editor/2020.3.11f1/Editor/Data/PlaybackEngines/WindowsStandaloneSupport/UnityEditor.WindowsStandalone.Extensions.dll
Registered in 0.005530 seconds.
Native extension for WindowsStandalone target not found
Native extension for OSXStandalone target not found
Native extension for WebGL target not found
Refreshing native plugins compatible for Editor in 94.81 ms, found 3 plugins.
Preloading 0 native plugins for Editor in 0.00 ms.
Mono: successfully reloaded assembly
- Completed reload, in  3.796 seconds
Platform modules already initialized, skipping
Registering precompiled user dll's ...
Registered in 0.009704 seconds.
Begin MonoManager ReloadAssembly
Native extension for WindowsStandalone target not found
Native extension for OSXStandalone target not found
Native extension for WebGL target not found
Refreshing native plugins compatible for Editor in 95.84 ms, found 3 plugins.
Preloading 0 native plugins for Editor in 0.00 ms.
Mono: successfully reloaded assembly
- Completed reload, in  2.569 seconds
Platform modules already initialized, skipping
========================================================================
Worker process is ready to serve import requests
Launched and connected shader compiler UnityShaderCompiler.exe after 0.28 seconds
Refreshing native plugins compatible for Editor in 0.65 ms, found 3 plugins.
Preloading 0 native plugins for Editor in 0.00 ms.
Unloading 2106 Unused Serialized files (Serialized files now loaded: 0)
System memory in use before: 94.5 MB.
System memory in use after: 94.4 MB.

Unloading 33 unused Assets to reduce memory usage. Loaded Objects now: 2543.
Total: 4.015900 ms (FindLiveObjects: 0.274400 ms CreateObjectMapping: 0.064900 ms MarkObjects: 3.478700 ms  DeleteObjects: 0.195600 ms)

========================================================================
Received Import Request.
  path: Assets/Prefabs/collectables/blaster 1 collectable.prefab
  artifactKey: Guid(be7cbdf0a5e1f634fbb9cca3c5cd5b61) Importer(815301076,1909f56bfc062723c751e8b465ee728b)
Start importing Assets/Prefabs/collectables/blaster 1 collectable.prefab using Guid(be7cbdf0a5e1f634fbb9cca3c5cd5b61) Importer(815301076,1909f56bfc062723c751e8b465ee728b)  -> (artifact id: '051667b3e1a0e72ac5a42cb00edec05d') in 0.315674 seconds
  Import took 0.381321 seconds .

========================================================================
Received Import Request.
  Time since last request: 0.000379 seconds.
  path: Assets/Prefabs/collectables/Health collectable.prefab
  artifactKey: Guid(0c12dc78492b85a469215064f3c3a8e7) Importer(815301076,1909f56bfc062723c751e8b465ee728b)
Start importing Assets/Prefabs/collectables/Health collectable.prefab using Guid(0c12dc78492b85a469215064f3c3a8e7) Importer(815301076,1909f56bfc062723c751e8b465ee728b)  -> (artifact id: '0467d393b029c16459b14e1ea14d5dce') in 0.021959 seconds
  Import took 0.162874 seconds .

========================================================================
Received Import Request.
  Time since last request: 0.000329 seconds.
  path: Assets/Prefabs/collectables/blaster 2 collectable.prefab
  artifactKey: Guid(94740c5118784de4e8f356d62113e07a) Importer(815301076,1909f56bfc062723c751e8b465ee728b)
Start importing Assets/Prefabs/collectables/blaster 2 collectable.prefab using Guid(94740c5118784de4e8f356d62113e07a) Importer(815301076,1909f56bfc062723c751e8b465ee728b)  -> (artifact id: 'dd187975c80317976f32805d3ecc91cc') in 0.022252 seconds
  Import took 0.082726 seconds .

========================================================================
Received Import Request.
  Time since last request: 0.228668 seconds.
  path: Assets/Prefabs/collectables/Missile Collectable.prefab
  artifactKey: Guid(0428c67a30e9adb4e8a03169ad143069) Importer(815301076,1909f56bfc062723c751e8b465ee728b)
Start importing Assets/Prefabs/collectables/Missile Collectable.prefab using Guid(0428c67a30e9adb4e8a03169ad143069) Importer(815301076,1909f56bfc062723c751e8b465ee728b)  -> (artifact id: '5288b8ad726d328c37fdbd1939020cb9') in 0.024232 seconds
  Import took 0.114465 seconds .

========================================================================
Received Import Request.
  Time since last request: 2.338839 seconds.
  path: Assets/Prefabs/collectables/Rocket collectable.prefab
  artifactKey: Guid(0d8fc9012fcd99842a5d54637af2022c) Importer(815301076,1909f56bfc062723c751e8b465ee728b)
Start importing Assets/Prefabs/collectables/Rocket collectable.prefab using Guid(0d8fc9012fcd99842a5d54637af2022c) Importer(815301076,1909f56bfc062723c751e8b465ee728b)  -> (artifact id: 'd4dbe43acca19f8ca59630c9993e6014') in 0.026690 seconds
  Import took 0.134456 seconds .

========================================================================
Received Prepare
Registering precompiled user dll's ...
Registered in 0.009611 seconds.
Begin MonoManager ReloadAssembly
Native extension for WindowsStandalone target not found
Native extension for OSXStandalone target not found
Native extension for WebGL target not found
Refreshing native plugins compatible for Editor in 0.83 ms, found 3 plugins.
Preloading 0 native plugins for Editor in 0.00 ms.
Mono: successfully reloaded assembly
- Completed reload, in  2.140 seconds
Platform modules already initialized, skipping
Refreshing native plugins compatible for Editor in 0.87 ms, found 3 plugins.
Preloading 0 native plugins for Editor in 0.00 ms.
Unloading 2101 Unused Serialized files (Serialized files now loaded: 0)
System memory in use before: 97.4 MB.
System memory in use after: 97.4 MB.

Unloading 21 unused Assets to reduce memory usage. Loaded Objects now: 2554.
Total: 5.218200 ms (FindLiveObjects: 0.394100 ms CreateObjectMapping: 0.116600 ms MarkObjects: 4.498500 ms  DeleteObjects: 0.207000 ms)

========================================================================
Received Prepare
Refreshing native plugins compatible for Editor in 10.37 ms, found 3 plugins.
Preloading 0 native plugins for Editor in 0.00 ms.
Unloading 19 Unused Serialized files (Serialized files now loaded: 0)
System memory in use before: 55.6 MB.
System memory in use after: 55.5 MB.

Unloading 19 unused Assets to reduce memory usage. Loaded Objects now: 2554.
Total: 5.641600 ms (FindLiveObjects: 0.475500 ms CreateObjectMapping: 0.151700 ms MarkObjects: 4.765200 ms  DeleteObjects: 0.247000 ms)

AssetImportWorkerClient::OnTransportError - code=2 error=End of file
