Using pre-set license
Built from '2020.3/staging' branch; Version is '2020.3.11f1 (99c7afb366b3) revision 10078127'; Using compiler version '192528614'; Build Type 'Release'
OS: 'Windows 10 Home; OS build 19043.1165; Version 2009; 64bit' Language: 'en' Physical Memory: 7843 MB
BatchMode: 1, IsHumanControllingUs: 0, StartBugReporterOnCrash: 0, Is64bit: 1, IsPro: 0

 COMMAND LINE ARGUMENTS:
C:\Program Files\Unity\Hub\Editor\2020.3.11f1\Editor\Unity.exe
-adb2
-batchMode
-noUpm
-name
AssetImportWorker4
-projectPath
C:/Users/Sabhari Shrinivas/Documents/unity projects/Space Impact/Space-Impact/Space Impact
-logFile
Logs/AssetImportWorker4.log
-srvPort
54047
Successfully changed project path to: C:/Users/Sabhari Shrinivas/Documents/unity projects/Space Impact/Space-Impact/Space Impact
C:/Users/Sabhari Shrinivas/Documents/unity projects/Space Impact/Space-Impact/Space Impact
Using Asset Import Pipeline V2.
Refreshing native plugins compatible for Editor in 103.11 ms, found 3 plugins.
Preloading 0 native plugins for Editor in 0.00 ms.
Initialize engine version: 2020.3.11f1 (99c7afb366b3)
[Subsystems] Discovering subsystems at path C:/Program Files/Unity/Hub/Editor/2020.3.11f1/Editor/Data/Resources/UnitySubsystems
[Subsystems] Discovering subsystems at path C:/Users/Sabhari Shrinivas/Documents/unity projects/Space Impact/Space-Impact/Space Impact/Assets
GfxDevice: creating device client; threaded=0
Direct3D:
    Version:  Direct3D 11.0 [level 11.1]
    Renderer: AMD Radeon(TM) Vega 8 Graphics (ID=0x15dd)
    Vendor:   
    VRAM:     3921 MB
    Driver:   27.20.2001.13001
Initialize mono
Mono path[0] = 'C:/Program Files/Unity/Hub/Editor/2020.3.11f1/Editor/Data/Managed'
Mono path[1] = 'C:/Program Files/Unity/Hub/Editor/2020.3.11f1/Editor/Data/MonoBleedingEdge/lib/mono/unityjit'
Mono config path = 'C:/Program Files/Unity/Hub/Editor/2020.3.11f1/Editor/Data/MonoBleedingEdge/etc'
Using monoOptions --debugger-agent=transport=dt_socket,embedding=1,server=y,suspend=n,address=127.0.0.1:56884
Begin MonoManager ReloadAssembly
Registering precompiled unity dll's ...
Register platform support module: C:/Program Files/Unity/Hub/Editor/2020.3.11f1/Editor/Data/PlaybackEngines/WebGLSupport/UnityEditor.WebGL.Extensions.dll
Register platform support module: C:/Program Files/Unity/Hub/Editor/2020.3.11f1/Editor/Data/PlaybackEngines/MacStandaloneSupport/UnityEditor.OSXStandalone.Extensions.dll
Register platform support module: C:/Program Files/Unity/Hub/Editor/2020.3.11f1/Editor/Data/PlaybackEngines/WindowsStandaloneSupport/UnityEditor.WindowsStandalone.Extensions.dll
Registered in 0.007075 seconds.
Native extension for WindowsStandalone target not found
Native extension for OSXStandalone target not found
Native extension for WebGL target not found
Refreshing native plugins compatible for Editor in 96.62 ms, found 3 plugins.
Preloading 0 native plugins for Editor in 0.00 ms.
Mono: successfully reloaded assembly
- Completed reload, in  3.658 seconds
Platform modules already initialized, skipping
Registering precompiled user dll's ...
Registered in 0.010239 seconds.
Begin MonoManager ReloadAssembly
Native extension for WindowsStandalone target not found
Native extension for OSXStandalone target not found
Native extension for WebGL target not found
Refreshing native plugins compatible for Editor in 100.09 ms, found 3 plugins.
Preloading 0 native plugins for Editor in 0.00 ms.
Mono: successfully reloaded assembly
- Completed reload, in  2.797 seconds
Platform modules already initialized, skipping
========================================================================
Worker process is ready to serve import requests
Launched and connected shader compiler UnityShaderCompiler.exe after 0.43 seconds
Refreshing native plugins compatible for Editor in 1.02 ms, found 3 plugins.
Preloading 0 native plugins for Editor in 0.00 ms.
Unloading 2087 Unused Serialized files (Serialized files now loaded: 0)
System memory in use before: 93.7 MB.
System memory in use after: 93.7 MB.

Unloading 33 unused Assets to reduce memory usage. Loaded Objects now: 2521.
Total: 5.700800 ms (FindLiveObjects: 0.456300 ms CreateObjectMapping: 0.146800 ms MarkObjects: 4.805400 ms  DeleteObjects: 0.289200 ms)

========================================================================
Received Import Request.
  path: Assets/Scripts/Projectile.cs
  artifactKey: Guid(b4ed900fb7755fe44a4e84bb00efa61e) Importer(815301076,1909f56bfc062723c751e8b465ee728b)
Start importing Assets/Scripts/Projectile.cs using Guid(b4ed900fb7755fe44a4e84bb00efa61e) Importer(815301076,1909f56bfc062723c751e8b465ee728b)  -> (artifact id: '866e8c680aa70328ee6e81b07ebb90b0') in 0.224045 seconds
  Import took 0.338282 seconds .

========================================================================
Received Import Request.
  Time since last request: 18.206774 seconds.
  path: Assets/Prefabs/Player Effects/PSAnimatedExplo 1.prefab
  artifactKey: Guid(d050d6f0895e64926bcad437c907f1a4) Importer(815301076,1909f56bfc062723c751e8b465ee728b)
Start importing Assets/Prefabs/Player Effects/PSAnimatedExplo 1.prefab using Guid(d050d6f0895e64926bcad437c907f1a4) Importer(815301076,1909f56bfc062723c751e8b465ee728b)  -> (artifact id: '26769737c0c939a4ba71ce2aee35797e') in 0.237448 seconds
  Import took 0.256843 seconds .

========================================================================
Received Import Request.
  Time since last request: 0.000675 seconds.
  path: Assets/Prefabs/Player Effects/PSMiniTrash 1.prefab
  artifactKey: Guid(ad5d54c9542814801ab5b2860b43e093) Importer(815301076,1909f56bfc062723c751e8b465ee728b)
Start importing Assets/Prefabs/Player Effects/PSMiniTrash 1.prefab using Guid(ad5d54c9542814801ab5b2860b43e093) Importer(815301076,1909f56bfc062723c751e8b465ee728b)  -> (artifact id: '159077cf0491369158a62cad345996c7') in 0.028571 seconds
  Import took 0.060516 seconds .

========================================================================
Received Import Request.
  Time since last request: 1.997483 seconds.
  path: Assets/Prefabs/Meteor Prefabs/MeteorAnimatedExplo 1.prefab
  artifactKey: Guid(64841f21255e5483a842ec828db83a70) Importer(815301076,1909f56bfc062723c751e8b465ee728b)
Start importing Assets/Prefabs/Meteor Prefabs/MeteorAnimatedExplo 1.prefab using Guid(64841f21255e5483a842ec828db83a70) Importer(815301076,1909f56bfc062723c751e8b465ee728b)  -> (artifact id: '4493c9fe5322539750ab3907875704a6') in 0.063616 seconds
  Import took 0.120596 seconds .

========================================================================
Received Import Request.
  Time since last request: 0.000590 seconds.
  path: Assets/Prefabs/Meteor Prefabs/MeteorDamage 1.prefab
  artifactKey: Guid(494f5858d0b1f415ea3401e84732aa08) Importer(815301076,1909f56bfc062723c751e8b465ee728b)
Start importing Assets/Prefabs/Meteor Prefabs/MeteorDamage 1.prefab using Guid(494f5858d0b1f415ea3401e84732aa08) Importer(815301076,1909f56bfc062723c751e8b465ee728b)  -> (artifact id: '02a21efd86033c210961627c9bebd6ab') in 0.060886 seconds
  Import took 0.124542 seconds .

========================================================================
Received Import Request.
  Time since last request: 0.000550 seconds.
  path: Assets/Prefabs/Meteor Prefabs/MeteorDamage 2.prefab
  artifactKey: Guid(4b0eb74c082fe47faba29baf3115f462) Importer(815301076,1909f56bfc062723c751e8b465ee728b)
Start importing Assets/Prefabs/Meteor Prefabs/MeteorDamage 2.prefab using Guid(4b0eb74c082fe47faba29baf3115f462) Importer(815301076,1909f56bfc062723c751e8b465ee728b)  -> (artifact id: '899c7cb5cfbfc0d6d49313d78eb36586') in 0.034159 seconds
  Import took 0.116149 seconds .

========================================================================
Received Import Request.
  Time since last request: 0.000516 seconds.
  path: Assets/Prefabs/Meteor Prefabs/MeteorAnimatedExploAlter 1.prefab
  artifactKey: Guid(0579293ac60a84b4b90e9ac25c93b30e) Importer(815301076,1909f56bfc062723c751e8b465ee728b)
Start importing Assets/Prefabs/Meteor Prefabs/MeteorAnimatedExploAlter 1.prefab using Guid(0579293ac60a84b4b90e9ac25c93b30e) Importer(815301076,1909f56bfc062723c751e8b465ee728b)  -> (artifact id: '39acff41b12492a31a2668bf4071dc66') in 0.038146 seconds
  Import took 0.076122 seconds .

========================================================================
Received Import Request.
  Time since last request: 0.330667 seconds.
  path: Assets/Prefabs/Player/Player Ship.prefab
  artifactKey: Guid(81a94c25cdfdeb64ab3d93882636ee4c) Importer(815301076,1909f56bfc062723c751e8b465ee728b)
Start importing Assets/Prefabs/Player/Player Ship.prefab using Guid(81a94c25cdfdeb64ab3d93882636ee4c) Importer(815301076,1909f56bfc062723c751e8b465ee728b)  -> (artifact id: '03d72a7c1fa2ccbc676e994e5347721c') in 1.047992 seconds
  Import took 1.070510 seconds .

========================================================================
Received Import Request.
  Time since last request: 509.881834 seconds.
  path: Assets/Scripts/Collector.cs
  artifactKey: Guid(1eb7c7fffecedbd428ef29d5bb708356) Importer(815301076,1909f56bfc062723c751e8b465ee728b)
Start importing Assets/Scripts/Collector.cs using Guid(1eb7c7fffecedbd428ef29d5bb708356) Importer(815301076,1909f56bfc062723c751e8b465ee728b)  -> (artifact id: '86345d5a3f135c23af869396f97bbfab') in 0.014547 seconds
  Import took 0.041556 seconds .

========================================================================
Received Prepare
Registering precompiled user dll's ...
Registered in 0.008781 seconds.
Begin MonoManager ReloadAssembly
Native extension for WindowsStandalone target not found
Native extension for OSXStandalone target not found
Native extension for WebGL target not found
Refreshing native plugins compatible for Editor in 0.70 ms, found 3 plugins.
Preloading 0 native plugins for Editor in 0.00 ms.
Mono: successfully reloaded assembly
- Completed reload, in  2.046 seconds
Platform modules already initialized, skipping
Refreshing native plugins compatible for Editor in 0.88 ms, found 3 plugins.
Preloading 0 native plugins for Editor in 0.00 ms.
Unloading 2083 Unused Serialized files (Serialized files now loaded: 0)
System memory in use before: 96.7 MB.
System memory in use after: 96.7 MB.

Unloading 21 unused Assets to reduce memory usage. Loaded Objects now: 2533.
Total: 4.679800 ms (FindLiveObjects: 0.376700 ms CreateObjectMapping: 0.124000 ms MarkObjects: 3.976900 ms  DeleteObjects: 0.199700 ms)

========================================================================
Received Import Request.
  Time since last request: 57.193638 seconds.
  path: Assets/Scripts/TagManager.cs
  artifactKey: Guid(b07664c14cbc73b4c943a92a25b47f07) Importer(815301076,1909f56bfc062723c751e8b465ee728b)
Start importing Assets/Scripts/TagManager.cs using Guid(b07664c14cbc73b4c943a92a25b47f07) Importer(815301076,1909f56bfc062723c751e8b465ee728b)  -> (artifact id: '9114886b412d1d50d0774ef02d1de810') in 0.017810 seconds
  Import took 0.043986 seconds .

========================================================================
Received Prepare
Registering precompiled user dll's ...
Registered in 0.006080 seconds.
Begin MonoManager ReloadAssembly
Native extension for WindowsStandalone target not found
Native extension for OSXStandalone target not found
Native extension for WebGL target not found
Refreshing native plugins compatible for Editor in 1.05 ms, found 3 plugins.
Preloading 0 native plugins for Editor in 0.00 ms.
Mono: successfully reloaded assembly
- Completed reload, in  2.672 seconds
Platform modules already initialized, skipping
Refreshing native plugins compatible for Editor in 0.97 ms, found 3 plugins.
Preloading 0 native plugins for Editor in 0.00 ms.
Unloading 2083 Unused Serialized files (Serialized files now loaded: 0)
System memory in use before: 96.7 MB.
System memory in use after: 96.7 MB.

Unloading 21 unused Assets to reduce memory usage. Loaded Objects now: 2537.
Total: 6.086200 ms (FindLiveObjects: 0.388400 ms CreateObjectMapping: 0.114800 ms MarkObjects: 5.326800 ms  DeleteObjects: 0.252700 ms)

========================================================================
Received Import Request.
  Time since last request: 164.038010 seconds.
  path: Assets/Scripts/TagManager.cs
  artifactKey: Guid(b07664c14cbc73b4c943a92a25b47f07) Importer(815301076,1909f56bfc062723c751e8b465ee728b)
Start importing Assets/Scripts/TagManager.cs using Guid(b07664c14cbc73b4c943a92a25b47f07) Importer(815301076,1909f56bfc062723c751e8b465ee728b)  -> (artifact id: 'cfd2f832cb011b48a304a488e9f58aa6') in 0.028384 seconds
  Import took 0.068292 seconds .

========================================================================
Received Prepare
Registering precompiled user dll's ...
Registered in 0.090640 seconds.
Begin MonoManager ReloadAssembly
Native extension for WindowsStandalone target not found
Native extension for OSXStandalone target not found
Native extension for WebGL target not found
Refreshing native plugins compatible for Editor in 0.96 ms, found 3 plugins.
Preloading 0 native plugins for Editor in 0.00 ms.
Mono: successfully reloaded assembly
- Completed reload, in  2.047 seconds
Platform modules already initialized, skipping
Refreshing native plugins compatible for Editor in 0.92 ms, found 3 plugins.
Preloading 0 native plugins for Editor in 0.00 ms.
Unloading 2083 Unused Serialized files (Serialized files now loaded: 0)
System memory in use before: 96.8 MB.
System memory in use after: 96.7 MB.

Unloading 21 unused Assets to reduce memory usage. Loaded Objects now: 2541.
Total: 6.246500 ms (FindLiveObjects: 0.447700 ms CreateObjectMapping: 0.166300 ms MarkObjects: 5.317000 ms  DeleteObjects: 0.312200 ms)

========================================================================
Received Import Request.
  Time since last request: 1692.661809 seconds.
  path: ProjectSettings/TagManager.asset
  artifactKey: Guid(00000000000000003000000000000000) Importer(815301076,1909f56bfc062723c751e8b465ee728b)
Start importing ProjectSettings/TagManager.asset using Guid(00000000000000003000000000000000) Importer(815301076,1909f56bfc062723c751e8b465ee728b)  -> (artifact id: '85655fbb76ce476288d7a44b9c4e2309') in 0.026783 seconds
  Import took 0.060799 seconds .

========================================================================
Received Import Request.
  Time since last request: 0.037217 seconds.
  path: ProjectSettings/TagManager.asset
  artifactKey: Guid(00000000000000003000000000000000) Importer(815301076,1909f56bfc062723c751e8b465ee728b)
Start importing ProjectSettings/TagManager.asset using Guid(00000000000000003000000000000000) Importer(815301076,1909f56bfc062723c751e8b465ee728b)  -> (artifact id: '85655fbb76ce476288d7a44b9c4e2309') in 0.005840 seconds
  Import took 0.011158 seconds .

========================================================================
Received Import Request.
  Time since last request: 904.130264 seconds.
  path: Assets/Fonts/Segment7Standard.otf
  artifactKey: Guid(541396c068f5b3343808a6917da0abf3) Importer(815301076,1909f56bfc062723c751e8b465ee728b)
Start importing Assets/Fonts/Segment7Standard.otf using Guid(541396c068f5b3343808a6917da0abf3) Importer(815301076,1909f56bfc062723c751e8b465ee728b)  -> (artifact id: 'efe178a54ef366861907d5f379058723') in 0.943937 seconds
  Import took 0.997195 seconds .

========================================================================
Received Import Request.
  Time since last request: 0.000370 seconds.
  path: Assets/Fonts/Xolonium-Regular.ttf
  artifactKey: Guid(3419f06a3751faf42adb55d3a25bb02b) Importer(815301076,1909f56bfc062723c751e8b465ee728b)
Start importing Assets/Fonts/Xolonium-Regular.ttf using Guid(3419f06a3751faf42adb55d3a25bb02b) Importer(815301076,1909f56bfc062723c751e8b465ee728b)  -> (artifact id: 'bf56deb304ea0a99f19eb3f699457304') in 0.159095 seconds
  Import took 0.204290 seconds .

========================================================================
Received Import Request.
  Time since last request: 12.332565 seconds.
  path: Assets/Prefabs/Projectile/projectile pool
  artifactKey: Guid(b9ca46dc9f6d9fa4f9ed4e3cdfefb524) Importer(815301076,1909f56bfc062723c751e8b465ee728b)
Start importing Assets/Prefabs/Projectile/projectile pool using Guid(b9ca46dc9f6d9fa4f9ed4e3cdfefb524) Importer(815301076,1909f56bfc062723c751e8b465ee728b)  -> (artifact id: 'a33b150b1ec65406d310ef7d21889de4') in 0.038431 seconds
  Import took 0.080908 seconds .

========================================================================
Received Import Request.
  Time since last request: 313.990734 seconds.
  path: Assets/Sprites/Projectiles/MachineGun01.png
  artifactKey: Guid(fe0605473aac7314980735806a2f71b3) Importer(815301076,1909f56bfc062723c751e8b465ee728b)
Start importing Assets/Sprites/Projectiles/MachineGun01.png using Guid(fe0605473aac7314980735806a2f71b3) Importer(815301076,1909f56bfc062723c751e8b465ee728b)  -> (artifact id: 'af2fb89f0b33f50951abc99b0f7c09df') in 0.577609 seconds
  Import took 0.621458 seconds .

========================================================================
Received Import Request.
  Time since last request: 0.000624 seconds.
  path: Assets/Sprites/Projectiles/MagiBlaster.png
  artifactKey: Guid(d8c481df1b332c140b80aab5f558197e) Importer(815301076,1909f56bfc062723c751e8b465ee728b)
Start importing Assets/Sprites/Projectiles/MagiBlaster.png using Guid(d8c481df1b332c140b80aab5f558197e) Importer(815301076,1909f56bfc062723c751e8b465ee728b)  -> (artifact id: '6859f14d6b43ac71a83e1dd60cbd2cfc') in 0.086366 seconds
  Import took 0.117470 seconds .

========================================================================
Received Import Request.
  Time since last request: 0.000498 seconds.
  path: Assets/Sprites/Projectiles/MachineGun02.png
  artifactKey: Guid(46f93568992861f439354e895070345d) Importer(815301076,1909f56bfc062723c751e8b465ee728b)
Start importing Assets/Sprites/Projectiles/MachineGun02.png using Guid(46f93568992861f439354e895070345d) Importer(815301076,1909f56bfc062723c751e8b465ee728b)  -> (artifact id: '99fd874b8402fb3a66e1b4d9909d65db') in 0.067338 seconds
  Import took 0.083733 seconds .

========================================================================
Received Import Request.
  Time since last request: 0.001078 seconds.
  path: Assets/Sprites/Projectiles/MachineGun01.png
  artifactKey: Guid(fe0605473aac7314980735806a2f71b3) Importer(815301076,1909f56bfc062723c751e8b465ee728b)
Start importing Assets/Sprites/Projectiles/MachineGun01.png using Guid(fe0605473aac7314980735806a2f71b3) Importer(815301076,1909f56bfc062723c751e8b465ee728b)  -> (artifact id: 'af2fb89f0b33f50951abc99b0f7c09df') in 0.016080 seconds
  Import took 0.020388 seconds .

========================================================================
Received Import Request.
  Time since last request: 0.000437 seconds.
  path: Assets/Sprites/Projectiles/MachineGun02.png
  artifactKey: Guid(46f93568992861f439354e895070345d) Importer(815301076,1909f56bfc062723c751e8b465ee728b)
Start importing Assets/Sprites/Projectiles/MachineGun02.png using Guid(46f93568992861f439354e895070345d) Importer(815301076,1909f56bfc062723c751e8b465ee728b)  -> (artifact id: '99fd874b8402fb3a66e1b4d9909d65db') in 0.015751 seconds
  Import took 0.021260 seconds .

========================================================================
Received Import Request.
  Time since last request: 248.956694 seconds.
  path: Assets/Prefabs/Projectile/projectile pool/Blaster pool 1.prefab
  artifactKey: Guid(30792413dc5395c41ac2753c4f39d447) Importer(815301076,1909f56bfc062723c751e8b465ee728b)
Start importing Assets/Prefabs/Projectile/projectile pool/Blaster pool 1.prefab using Guid(30792413dc5395c41ac2753c4f39d447) Importer(815301076,1909f56bfc062723c751e8b465ee728b)  -> (artifact id: '2e82bc848a7d80bc43d6c736e57fc53c') in 0.156522 seconds
  Import took 0.162085 seconds .

========================================================================
Received Import Request.
  Time since last request: 4.487464 seconds.
  path: Assets/Prefabs/Projectile/projectile pool/Blaster pool 2.prefab
  artifactKey: Guid(ead69ddfed742944a90c8d668b7d988b) Importer(815301076,1909f56bfc062723c751e8b465ee728b)
Start importing Assets/Prefabs/Projectile/projectile pool/Blaster pool 2.prefab using Guid(ead69ddfed742944a90c8d668b7d988b) Importer(815301076,1909f56bfc062723c751e8b465ee728b)  -> (artifact id: 'a2361912080097c7fed6c3ce03ec340f') in 0.028154 seconds
  Import took 0.111617 seconds .

========================================================================
Received Import Request.
  Time since last request: 6.649398 seconds.
  path: Assets/Prefabs/Projectile/projectile pool/Laser pool.prefab
  artifactKey: Guid(4b55affc1676620479b85261212e223f) Importer(815301076,1909f56bfc062723c751e8b465ee728b)
Start importing Assets/Prefabs/Projectile/projectile pool/Laser pool.prefab using Guid(4b55affc1676620479b85261212e223f) Importer(815301076,1909f56bfc062723c751e8b465ee728b)  -> (artifact id: 'f6c7b20938ed733876599a3749fa4ee3') in 0.348250 seconds
  Import took 0.418061 seconds .

========================================================================
Received Prepare
Registering precompiled user dll's ...
Registered in 0.005143 seconds.
Begin MonoManager ReloadAssembly
Native extension for WindowsStandalone target not found
Native extension for OSXStandalone target not found
Native extension for WebGL target not found
Refreshing native plugins compatible for Editor in 0.88 ms, found 3 plugins.
Preloading 0 native plugins for Editor in 0.00 ms.
Mono: successfully reloaded assembly
- Completed reload, in  1.739 seconds
Platform modules already initialized, skipping
Refreshing native plugins compatible for Editor in 0.81 ms, found 3 plugins.
Preloading 0 native plugins for Editor in 0.00 ms.
Unloading 2083 Unused Serialized files (Serialized files now loaded: 0)
System memory in use before: 97.2 MB.
System memory in use after: 97.1 MB.

Unloading 23 unused Assets to reduce memory usage. Loaded Objects now: 2585.
Total: 4.612500 ms (FindLiveObjects: 0.375300 ms CreateObjectMapping: 0.107800 ms MarkObjects: 3.916000 ms  DeleteObjects: 0.210300 ms)

========================================================================
Received Prepare
Registering precompiled user dll's ...
Registered in 0.005587 seconds.
Begin MonoManager ReloadAssembly
Native extension for WindowsStandalone target not found
Native extension for OSXStandalone target not found
Native extension for WebGL target not found
Refreshing native plugins compatible for Editor in 0.83 ms, found 3 plugins.
Preloading 0 native plugins for Editor in 0.00 ms.
Mono: successfully reloaded assembly
- Completed reload, in  2.206 seconds
Platform modules already initialized, skipping
Refreshing native plugins compatible for Editor in 0.81 ms, found 3 plugins.
Preloading 0 native plugins for Editor in 0.00 ms.
Unloading 2083 Unused Serialized files (Serialized files now loaded: 0)
System memory in use before: 97.2 MB.
System memory in use after: 97.1 MB.

Unloading 21 unused Assets to reduce memory usage. Loaded Objects now: 2589.
Total: 4.611300 ms (FindLiveObjects: 0.408900 ms CreateObjectMapping: 0.149900 ms MarkObjects: 3.837700 ms  DeleteObjects: 0.212100 ms)

========================================================================
Received Prepare
Registering precompiled user dll's ...
Registered in 0.007130 seconds.
Begin MonoManager ReloadAssembly
Native extension for WindowsStandalone target not found
Native extension for OSXStandalone target not found
Native extension for WebGL target not found
Refreshing native plugins compatible for Editor in 1.02 ms, found 3 plugins.
Preloading 0 native plugins for Editor in 0.00 ms.
Mono: successfully reloaded assembly
- Completed reload, in  2.105 seconds
Platform modules already initialized, skipping
Refreshing native plugins compatible for Editor in 0.98 ms, found 3 plugins.
Preloading 0 native plugins for Editor in 0.00 ms.
Unloading 2083 Unused Serialized files (Serialized files now loaded: 0)
System memory in use before: 97.2 MB.
System memory in use after: 97.2 MB.

Unloading 21 unused Assets to reduce memory usage. Loaded Objects now: 2593.
Total: 6.620300 ms (FindLiveObjects: 0.662500 ms CreateObjectMapping: 0.348800 ms MarkObjects: 5.367400 ms  DeleteObjects: 0.238200 ms)

========================================================================
Received Import Request.
  Time since last request: 196.314231 seconds.
  path: Assets/Prefabs/Projectile/projectile pool/Blaster pool 1.prefab
  artifactKey: Guid(30792413dc5395c41ac2753c4f39d447) Importer(815301076,1909f56bfc062723c751e8b465ee728b)
Start importing Assets/Prefabs/Projectile/projectile pool/Blaster pool 1.prefab using Guid(30792413dc5395c41ac2753c4f39d447) Importer(815301076,1909f56bfc062723c751e8b465ee728b)  -> (artifact id: 'f57d8ea7f64abefa3c1a491e500cf3f2') in 0.132460 seconds
  Import took 0.195917 seconds .

========================================================================
Received Import Request.
  Time since last request: 0.000393 seconds.
  path: Assets/Prefabs/Projectile/projectile pool/Blaster pool 2.prefab
  artifactKey: Guid(ead69ddfed742944a90c8d668b7d988b) Importer(815301076,1909f56bfc062723c751e8b465ee728b)
Start importing Assets/Prefabs/Projectile/projectile pool/Blaster pool 2.prefab using Guid(ead69ddfed742944a90c8d668b7d988b) Importer(815301076,1909f56bfc062723c751e8b465ee728b)  -> (artifact id: 'dee632c2c9e584a3d5b976e1ead80c7f') in 0.021605 seconds
  Import took 0.053737 seconds .

========================================================================
Received Import Request.
  Time since last request: 0.000431 seconds.
  path: Assets/Prefabs/Projectile/projectile pool/Laser pool.prefab
  artifactKey: Guid(4b55affc1676620479b85261212e223f) Importer(815301076,1909f56bfc062723c751e8b465ee728b)
Start importing Assets/Prefabs/Projectile/projectile pool/Laser pool.prefab using Guid(4b55affc1676620479b85261212e223f) Importer(815301076,1909f56bfc062723c751e8b465ee728b)  -> (artifact id: 'fe1c0a35937e006fcfcafb13c68aef6a') in 0.019948 seconds
  Import took 0.049395 seconds .

========================================================================
Received Prepare
Registering precompiled user dll's ...
Registered in 0.008760 seconds.
Begin MonoManager ReloadAssembly
Native extension for WindowsStandalone target not found
Native extension for OSXStandalone target not found
Native extension for WebGL target not found
Refreshing native plugins compatible for Editor in 0.82 ms, found 3 plugins.
Preloading 0 native plugins for Editor in 0.00 ms.
Mono: successfully reloaded assembly
- Completed reload, in  2.628 seconds
Platform modules already initialized, skipping
Refreshing native plugins compatible for Editor in 0.99 ms, found 3 plugins.
Preloading 0 native plugins for Editor in 0.00 ms.
Unloading 2083 Unused Serialized files (Serialized files now loaded: 0)
System memory in use before: 97.2 MB.
System memory in use after: 97.2 MB.

Unloading 21 unused Assets to reduce memory usage. Loaded Objects now: 2598.
Total: 4.513500 ms (FindLiveObjects: 0.345800 ms CreateObjectMapping: 0.110300 ms MarkObjects: 3.855800 ms  DeleteObjects: 0.199200 ms)

========================================================================
Received Import Request.
  Time since last request: 112.731759 seconds.
  path: Assets/Prefabs/Projectile/projectile pool/Laser pool.prefab
  artifactKey: Guid(4b55affc1676620479b85261212e223f) Importer(815301076,1909f56bfc062723c751e8b465ee728b)
Start importing Assets/Prefabs/Projectile/projectile pool/Laser pool.prefab using Guid(4b55affc1676620479b85261212e223f) Importer(815301076,1909f56bfc062723c751e8b465ee728b)  -> (artifact id: 'dfbb9b86cef0d41535dfd1c954dca2b4') in 0.116178 seconds
  Import took 0.151289 seconds .

========================================================================
Received Import Request.
  Time since last request: 2.677752 seconds.
  path: Assets/Prefabs/Projectile/projectile pool/Laser pool.prefab
  artifactKey: Guid(4b55affc1676620479b85261212e223f) Importer(815301076,1909f56bfc062723c751e8b465ee728b)
Start importing Assets/Prefabs/Projectile/projectile pool/Laser pool.prefab using Guid(4b55affc1676620479b85261212e223f) Importer(815301076,1909f56bfc062723c751e8b465ee728b)  -> (artifact id: '1477c93238c002c37345da08c12f78b7') in 0.018819 seconds
  Import took 0.062976 seconds .

========================================================================
Received Import Request.
  Time since last request: 2.152623 seconds.
  path: Assets/Prefabs/Projectile/projectile pool/Laser pool.prefab
  artifactKey: Guid(4b55affc1676620479b85261212e223f) Importer(815301076,1909f56bfc062723c751e8b465ee728b)
Start importing Assets/Prefabs/Projectile/projectile pool/Laser pool.prefab using Guid(4b55affc1676620479b85261212e223f) Importer(815301076,1909f56bfc062723c751e8b465ee728b)  -> (artifact id: 'fe5cf3ca195cb57303928cc3527de249') in 0.019196 seconds
  Import took 0.025792 seconds .

========================================================================
Received Import Request.
  Time since last request: 2.815550 seconds.
  path: Assets/Prefabs/Projectile/projectile pool/Laser pool.prefab
  artifactKey: Guid(4b55affc1676620479b85261212e223f) Importer(815301076,1909f56bfc062723c751e8b465ee728b)
Start importing Assets/Prefabs/Projectile/projectile pool/Laser pool.prefab using Guid(4b55affc1676620479b85261212e223f) Importer(815301076,1909f56bfc062723c751e8b465ee728b)  -> (artifact id: 'f15826fd4b796bd7f560772dec7ef2b7') in 0.020272 seconds
  Import took 0.026663 seconds .

========================================================================
Received Import Request.
  Time since last request: 2.875553 seconds.
  path: Assets/Prefabs/Projectile/projectile pool/Laser pool.prefab
  artifactKey: Guid(4b55affc1676620479b85261212e223f) Importer(815301076,1909f56bfc062723c751e8b465ee728b)
Start importing Assets/Prefabs/Projectile/projectile pool/Laser pool.prefab using Guid(4b55affc1676620479b85261212e223f) Importer(815301076,1909f56bfc062723c751e8b465ee728b)  -> (artifact id: 'bdb1e8f5bda95fe31454025c0242109e') in 0.017973 seconds
  Import took 0.025454 seconds .

========================================================================
Received Import Request.
  Time since last request: 3.598514 seconds.
  path: Assets/Prefabs/Projectile/projectile pool/Laser pool.prefab
  artifactKey: Guid(4b55affc1676620479b85261212e223f) Importer(815301076,1909f56bfc062723c751e8b465ee728b)
Start importing Assets/Prefabs/Projectile/projectile pool/Laser pool.prefab using Guid(4b55affc1676620479b85261212e223f) Importer(815301076,1909f56bfc062723c751e8b465ee728b)  -> (artifact id: 'daeb5d79f1bbaabaf991355c598afd01') in 0.021589 seconds
  Import took 0.047377 seconds .

========================================================================
Received Prepare
Registering precompiled user dll's ...
Registered in 0.155044 seconds.
Begin MonoManager ReloadAssembly
Native extension for WindowsStandalone target not found
Native extension for OSXStandalone target not found
Native extension for WebGL target not found
Refreshing native plugins compatible for Editor in 0.64 ms, found 3 plugins.
Preloading 0 native plugins for Editor in 0.00 ms.
Mono: successfully reloaded assembly
- Completed reload, in  3.032 seconds
Platform modules already initialized, skipping
Refreshing native plugins compatible for Editor in 0.65 ms, found 3 plugins.
Preloading 0 native plugins for Editor in 0.00 ms.
Unloading 2083 Unused Serialized files (Serialized files now loaded: 0)
System memory in use before: 97.2 MB.
System memory in use after: 97.2 MB.

Unloading 21 unused Assets to reduce memory usage. Loaded Objects now: 2603.
Total: 3.716500 ms (FindLiveObjects: 0.299600 ms CreateObjectMapping: 0.079000 ms MarkObjects: 3.157700 ms  DeleteObjects: 0.178400 ms)

========================================================================
Received Import Request.
  Time since last request: 9700.359148 seconds.
  path: Assets/Sound/cc0/65787__iwilldstroyu__laserrocket.wav
  artifactKey: Guid(0987042fd1ddefa43bcbd38c97958a7a) Importer(815301076,1909f56bfc062723c751e8b465ee728b)
Start importing Assets/Sound/cc0/65787__iwilldstroyu__laserrocket.wav using Guid(0987042fd1ddefa43bcbd38c97958a7a) Importer(815301076,1909f56bfc062723c751e8b465ee728b)  -> (artifact id: 'b426e7e1bfcd3ceeb8ce3100f32748ed') in 1.190992 seconds
  Import took 2.070501 seconds .

========================================================================
Received Import Request.
  Time since last request: 0.000484 seconds.
  path: Assets/Prefabs/Enemy Effects/AB06/AB06AnimatedExplo 1.prefab
  artifactKey: Guid(7ff64416fb649436baa5c0eec81a2882) Importer(815301076,1909f56bfc062723c751e8b465ee728b)
Start importing Assets/Prefabs/Enemy Effects/AB06/AB06AnimatedExplo 1.prefab using Guid(7ff64416fb649436baa5c0eec81a2882) Importer(815301076,1909f56bfc062723c751e8b465ee728b)  -> (artifact id: '3fdbaf7e69d4009ed840aeca2844a883') in 0.242891 seconds
  Import took 0.278444 seconds .

========================================================================
Received Import Request.
  Time since last request: 0.000444 seconds.
  path: Assets/Sprites/Enemys/Minions/e02.png
  artifactKey: Guid(f9eac80af2598d3488fdab52047ae593) Importer(815301076,1909f56bfc062723c751e8b465ee728b)
Start importing Assets/Sprites/Enemys/Minions/e02.png using Guid(f9eac80af2598d3488fdab52047ae593) Importer(815301076,1909f56bfc062723c751e8b465ee728b)  -> (artifact id: '691eb3b589e6d08693cbc09dfd0a3017') in 0.336952 seconds
  Import took 0.361606 seconds .

========================================================================
Received Import Request.
  Time since last request: 0.000482 seconds.
  path: Assets/Prefabs/Enemy Effects/AB03/AB03AnimatedExplo.prefab
  artifactKey: Guid(9685a397aac114db9889c2a983af24e6) Importer(815301076,1909f56bfc062723c751e8b465ee728b)
Start importing Assets/Prefabs/Enemy Effects/AB03/AB03AnimatedExplo.prefab using Guid(9685a397aac114db9889c2a983af24e6) Importer(815301076,1909f56bfc062723c751e8b465ee728b)  -> (artifact id: 'f03ced9ce6b7d53b5c00546d34a0ed87') in 0.014513 seconds
  Import took 0.019844 seconds .

========================================================================
Received Import Request.
  Time since last request: 86.989393 seconds.
  path: ProjectSettings/TagManager.asset
  artifactKey: Guid(00000000000000003000000000000000) Importer(815301076,1909f56bfc062723c751e8b465ee728b)
Start importing ProjectSettings/TagManager.asset using Guid(00000000000000003000000000000000) Importer(815301076,1909f56bfc062723c751e8b465ee728b)  -> (artifact id: '5b797a63a5d82ba450c70c8547632b67') in 0.030714 seconds
  Import took 0.053546 seconds .

========================================================================
Received Import Request.
  Time since last request: 782.468815 seconds.
  path: Assets/Sprites/Pickups/computer-fan.png
  artifactKey: Guid(488f6d503a4de924ba4be19a300c8d26) Importer(815301076,1909f56bfc062723c751e8b465ee728b)
Start importing Assets/Sprites/Pickups/computer-fan.png using Guid(488f6d503a4de924ba4be19a300c8d26) Importer(815301076,1909f56bfc062723c751e8b465ee728b)  -> (artifact id: 'da825f4f693b79cff19da18f986ef6eb') in 0.630923 seconds
  Import took 0.705275 seconds .

========================================================================
Received Import Request.
  Time since last request: 0.000643 seconds.
  path: Assets/Sound/cc-by/flaunch.wav
  artifactKey: Guid(fe974b42cc61a8845af5d265149f01f3) Importer(815301076,1909f56bfc062723c751e8b465ee728b)
Start importing Assets/Sound/cc-by/flaunch.wav using Guid(fe974b42cc61a8845af5d265149f01f3) Importer(815301076,1909f56bfc062723c751e8b465ee728b)  -> (artifact id: 'e8ccadb3d5b0991cb7713a5bba8ae8cd') in 0.257876 seconds
  Import took 0.316504 seconds .

========================================================================
Received Import Request.
  Time since last request: 0.000561 seconds.
  path: Assets/Sprites/Enemys/Minions/fxt2.png
  artifactKey: Guid(0d6822771ecba864696b705155edf543) Importer(815301076,1909f56bfc062723c751e8b465ee728b)
Start importing Assets/Sprites/Enemys/Minions/fxt2.png using Guid(0d6822771ecba864696b705155edf543) Importer(815301076,1909f56bfc062723c751e8b465ee728b)  -> (artifact id: 'ce34de4fd4166e79e70b34dcfabca3a6') in 0.401695 seconds
  Import took 0.480063 seconds .

========================================================================
Received Import Request.
  Time since last request: 0.000640 seconds.
  path: Assets/Sprites/Effects/Materials/EngineFireBlue.mat
  artifactKey: Guid(77940e28601041840992835088dd125b) Importer(815301076,1909f56bfc062723c751e8b465ee728b)
Start importing Assets/Sprites/Effects/Materials/EngineFireBlue.mat using Guid(77940e28601041840992835088dd125b) Importer(815301076,1909f56bfc062723c751e8b465ee728b)  -> (artifact id: 'bc5a1ebb7edf00aa903e712b59f60729') in 0.362297 seconds
  Import took 0.390116 seconds .

========================================================================
Received Import Request.
  Time since last request: 0.001124 seconds.
  path: Assets/Sound/DST-TowerDefenseTheme.mp3
  artifactKey: Guid(53e96b401d5046e46bc870a1ec6cccd7) Importer(815301076,1909f56bfc062723c751e8b465ee728b)
Start importing Assets/Sound/DST-TowerDefenseTheme.mp3 using Guid(53e96b401d5046e46bc870a1ec6cccd7) Importer(815301076,1909f56bfc062723c751e8b465ee728b)  -> (artifact id: 'b1a07b77f6ce13b459d78661b073edcf') in 0.106138 seconds
  Import took 0.151818 seconds .

========================================================================
Received Import Request.
  Time since last request: 0.000526 seconds.
  path: Assets/Sprites/Effects/EngineFire.png
  artifactKey: Guid(a6c889790ce23b147bd768c838f58ff2) Importer(815301076,1909f56bfc062723c751e8b465ee728b)
Start importing Assets/Sprites/Effects/EngineFire.png using Guid(a6c889790ce23b147bd768c838f58ff2) Importer(815301076,1909f56bfc062723c751e8b465ee728b)  -> (artifact id: '958ebe0956fcd735fccb064a7ed0e157') in 0.081116 seconds
  Import took 0.098880 seconds .

========================================================================
Received Import Request.
  Time since last request: 0.000430 seconds.
  path: Assets/Sprites/Pickups/computer-fan.png
  artifactKey: Guid(488f6d503a4de924ba4be19a300c8d26) Importer(815301076,1909f56bfc062723c751e8b465ee728b)
Start importing Assets/Sprites/Pickups/computer-fan.png using Guid(488f6d503a4de924ba4be19a300c8d26) Importer(815301076,1909f56bfc062723c751e8b465ee728b)  -> (artifact id: 'da825f4f693b79cff19da18f986ef6eb') in 0.030897 seconds
  Import took 0.038569 seconds .

========================================================================
Received Import Request.
  Time since last request: 244.629891 seconds.
  path: Assets/Prefabs/Enemy Effects/AB03/AB03MiniTrash.prefab
  artifactKey: Guid(541b040e168f245cf9f2f510780440fd) Importer(815301076,1909f56bfc062723c751e8b465ee728b)
Start importing Assets/Prefabs/Enemy Effects/AB03/AB03MiniTrash.prefab using Guid(541b040e168f245cf9f2f510780440fd) Importer(815301076,1909f56bfc062723c751e8b465ee728b)  -> (artifact id: '2fa8135daed091bcc907fed9df104a2d') in 0.189038 seconds
  Import took 0.196029 seconds .

========================================================================
Received Import Request.
  Time since last request: 0.000584 seconds.
  path: Assets/Sprites/Effects/Materials/Blaster03.mat
  artifactKey: Guid(3615672dfdb25dd4cbfd378295c064e7) Importer(815301076,1909f56bfc062723c751e8b465ee728b)
Start importing Assets/Sprites/Effects/Materials/Blaster03.mat using Guid(3615672dfdb25dd4cbfd378295c064e7) Importer(815301076,1909f56bfc062723c751e8b465ee728b)  -> (artifact id: '5eac4ef7118cb6969908852f7c4a9ed1') in 0.398637 seconds
  Import took 0.419917 seconds .

========================================================================
Received Import Request.
  Time since last request: 0.000457 seconds.
  path: Assets/Sound/cc0/blaster03.wav
  artifactKey: Guid(1b9ef01a45fe42940885e362e94d7154) Importer(815301076,1909f56bfc062723c751e8b465ee728b)
Start importing Assets/Sound/cc0/blaster03.wav using Guid(1b9ef01a45fe42940885e362e94d7154) Importer(815301076,1909f56bfc062723c751e8b465ee728b)  -> (artifact id: '875921e52797dbe66207bcefcbad6f9f') in 0.074866 seconds
  Import took 0.131455 seconds .

========================================================================
Received Import Request.
  Time since last request: 0.000327 seconds.
  path: Assets/Prefabs/Enemy Effects/AB03/AB03MiniTrash.prefab
  artifactKey: Guid(541b040e168f245cf9f2f510780440fd) Importer(815301076,1909f56bfc062723c751e8b465ee728b)
Start importing Assets/Prefabs/Enemy Effects/AB03/AB03MiniTrash.prefab using Guid(541b040e168f245cf9f2f510780440fd) Importer(815301076,1909f56bfc062723c751e8b465ee728b)  -> (artifact id: '2fa8135daed091bcc907fed9df104a2d') in 0.008175 seconds
  Import took 0.012937 seconds .

========================================================================
Received Import Request.
  Time since last request: 0.000449 seconds.
  path: Assets/Sound/cc0/blaster03.wav
  artifactKey: Guid(1b9ef01a45fe42940885e362e94d7154) Importer(815301076,1909f56bfc062723c751e8b465ee728b)
Start importing Assets/Sound/cc0/blaster03.wav using Guid(1b9ef01a45fe42940885e362e94d7154) Importer(815301076,1909f56bfc062723c751e8b465ee728b)  -> (artifact id: '875921e52797dbe66207bcefcbad6f9f') in 0.015661 seconds
  Import took 0.022088 seconds .

========================================================================
Received Import Request.
  Time since last request: 0.000335 seconds.
  path: Assets/Sprites/Effects/Explosions/explode_2.png
  artifactKey: Guid(b47c31838c169ee4ba173a39d01560d8) Importer(815301076,1909f56bfc062723c751e8b465ee728b)
Start importing Assets/Sprites/Effects/Explosions/explode_2.png using Guid(b47c31838c169ee4ba173a39d01560d8) Importer(815301076,1909f56bfc062723c751e8b465ee728b)  -> (artifact id: '3403ded5d7226fc9eceef17ddcb6e186') in 0.181672 seconds
  Import took 0.241431 seconds .

========================================================================
Received Import Request.
  Time since last request: 0.000485 seconds.
  path: Assets/Sprites/Effects/Explosions/exp2_0.png
  artifactKey: Guid(e0ca522e746d26d40b287fedec00e1e3) Importer(815301076,1909f56bfc062723c751e8b465ee728b)
Start importing Assets/Sprites/Effects/Explosions/exp2_0.png using Guid(e0ca522e746d26d40b287fedec00e1e3) Importer(815301076,1909f56bfc062723c751e8b465ee728b)  -> (artifact id: '8f804f9aa965274f816260448fc2540e') in 0.102329 seconds
  Import took 0.107082 seconds .

========================================================================
Received Import Request.
  Time since last request: 0.000417 seconds.
  path: Assets/Sprites/Effects/Explosions/explode_3.png
  artifactKey: Guid(edd948f11cf63fa47a8746eb86bd20ba) Importer(815301076,1909f56bfc062723c751e8b465ee728b)
Start importing Assets/Sprites/Effects/Explosions/explode_3.png using Guid(edd948f11cf63fa47a8746eb86bd20ba) Importer(815301076,1909f56bfc062723c751e8b465ee728b)  -> (artifact id: '7fce0e2e610287ad424038eaa6ac457a') in 0.249361 seconds
  Import took 0.289519 seconds .

========================================================================
Received Import Request.
  Time since last request: 2.130913 seconds.
  path: Assets/Sprites/Enemys/Minions/e01.png
  artifactKey: Guid(1071b3a8cca48a3419516ebe75ad13f0) Importer(815301076,1909f56bfc062723c751e8b465ee728b)
Start importing Assets/Sprites/Enemys/Minions/e01.png using Guid(1071b3a8cca48a3419516ebe75ad13f0) Importer(815301076,1909f56bfc062723c751e8b465ee728b)  -> (artifact id: '8e9a8e96fd9217fcabe558b574d502e6') in 0.129927 seconds
  Import took 0.134888 seconds .

========================================================================
Received Import Request.
  Time since last request: 742.779673 seconds.
  path: ProjectSettings/TagManager.asset
  artifactKey: Guid(00000000000000003000000000000000) Importer(815301076,1909f56bfc062723c751e8b465ee728b)
Start importing ProjectSettings/TagManager.asset using Guid(00000000000000003000000000000000) Importer(815301076,1909f56bfc062723c751e8b465ee728b)  -> (artifact id: '41b184bf7097c12e36ac23eb62bb7106') in 0.040636 seconds
  Import took 0.060307 seconds .

========================================================================
Received Import Request.
  Time since last request: 66.059485 seconds.
  path: Assets/Prefabs/enemy prefabs
  artifactKey: Guid(7f44a57173e666f48ab8c255556ff010) Importer(815301076,1909f56bfc062723c751e8b465ee728b)
Start importing Assets/Prefabs/enemy prefabs using Guid(7f44a57173e666f48ab8c255556ff010) Importer(815301076,1909f56bfc062723c751e8b465ee728b)  -> (artifact id: '29f4b646133afd369b68f56134e7adb4') in 0.034966 seconds
  Import took 0.049382 seconds .

========================================================================
Received Import Request.
  Time since last request: 3.943488 seconds.
  path: Assets/Prefabs/enemy prefabs/AB06.prefab
  artifactKey: Guid(f4f52de8fd5616f4fa613b57fc3a7c3b) Importer(815301076,1909f56bfc062723c751e8b465ee728b)
Start importing Assets/Prefabs/enemy prefabs/AB06.prefab using Guid(f4f52de8fd5616f4fa613b57fc3a7c3b) Importer(815301076,1909f56bfc062723c751e8b465ee728b)  -> (artifact id: '56eea0de0cacffe01a935fb63cc562f9') in 0.191567 seconds
  Import took 0.240626 seconds .

========================================================================
Received Import Request.
  Time since last request: 2.463680 seconds.
  path: Assets/Prefabs/enemy prefabs/AB03.prefab
  artifactKey: Guid(be83e491c7698e54c9267ad893eca4f8) Importer(815301076,1909f56bfc062723c751e8b465ee728b)
Start importing Assets/Prefabs/enemy prefabs/AB03.prefab using Guid(be83e491c7698e54c9267ad893eca4f8) Importer(815301076,1909f56bfc062723c751e8b465ee728b)  -> (artifact id: '5c86725263a791038d61823238f5572a') in 0.054495 seconds
  Import took 0.096972 seconds .

========================================================================
Received Import Request.
  Time since last request: 0.016969 seconds.
  path: Assets/Prefabs/enemy prefabs/AB03.prefab
  artifactKey: Guid(be83e491c7698e54c9267ad893eca4f8) Importer(815301076,1909f56bfc062723c751e8b465ee728b)
Start importing Assets/Prefabs/enemy prefabs/AB03.prefab using Guid(be83e491c7698e54c9267ad893eca4f8) Importer(815301076,1909f56bfc062723c751e8b465ee728b)  -> (artifact id: '5c86725263a791038d61823238f5572a') in 0.024745 seconds
  Import took 0.031396 seconds .

========================================================================
Received Import Request.
  Time since last request: 3.211220 seconds.
  path: Assets/Prefabs/Enemy Effects
  artifactKey: Guid(29b86935ec8bd3e4d90057925e0a22d3) Importer(815301076,1909f56bfc062723c751e8b465ee728b)
Start importing Assets/Prefabs/Enemy Effects using Guid(29b86935ec8bd3e4d90057925e0a22d3) Importer(815301076,1909f56bfc062723c751e8b465ee728b)  -> (artifact id: 'c04cf3e3a28165f8e02b6f2f3a99e23b') in 0.014830 seconds
  Import took 0.052202 seconds .

========================================================================
Received Import Request.
  Time since last request: 1.097592 seconds.
  path: Assets/Prefabs/Enemy Effects/AB03
  artifactKey: Guid(1977fe87f117d4102ae5bf7d1306c833) Importer(815301076,1909f56bfc062723c751e8b465ee728b)
Start importing Assets/Prefabs/Enemy Effects/AB03 using Guid(1977fe87f117d4102ae5bf7d1306c833) Importer(815301076,1909f56bfc062723c751e8b465ee728b)  -> (artifact id: '53b69d1eebf8feb2ce1daf08d1191de7') in 0.034551 seconds
  Import took 0.057398 seconds .

========================================================================
Received Import Request.
  Time since last request: 5596.255274 seconds.
  path: Assets/Scripts/EnemyMovement.cs
  artifactKey: Guid(bcd969a002b63764480033297d84c727) Importer(815301076,1909f56bfc062723c751e8b465ee728b)
Start importing Assets/Scripts/EnemyMovement.cs using Guid(bcd969a002b63764480033297d84c727) Importer(815301076,1909f56bfc062723c751e8b465ee728b)  -> (artifact id: '2e9d8e7d95c9057aba57b7c13448a301') in 0.110332 seconds
  Import took 1.380367 seconds .

========================================================================
Received Prepare
Registering precompiled user dll's ...
Registered in 0.397500 seconds.
Begin MonoManager ReloadAssembly
Native extension for WindowsStandalone target not found
Native extension for OSXStandalone target not found
Native extension for WebGL target not found
Refreshing native plugins compatible for Editor in 0.68 ms, found 3 plugins.
Preloading 0 native plugins for Editor in 0.00 ms.
Mono: successfully reloaded assembly
- Completed reload, in  2.096 seconds
Platform modules already initialized, skipping
Refreshing native plugins compatible for Editor in 0.65 ms, found 3 plugins.
Preloading 0 native plugins for Editor in 0.00 ms.
Unloading 2084 Unused Serialized files (Serialized files now loaded: 0)
System memory in use before: 97.3 MB.
System memory in use after: 97.3 MB.

Unloading 23 unused Assets to reduce memory usage. Loaded Objects now: 2615.
Total: 4.203600 ms (FindLiveObjects: 0.298100 ms CreateObjectMapping: 0.079000 ms MarkObjects: 3.610200 ms  DeleteObjects: 0.213900 ms)

========================================================================
Received Import Request.
  Time since last request: 2731.329549 seconds.
  path: Assets/Scripts/EnemyMovement.cs
  artifactKey: Guid(bcd969a002b63764480033297d84c727) Importer(815301076,1909f56bfc062723c751e8b465ee728b)
Start importing Assets/Scripts/EnemyMovement.cs using Guid(bcd969a002b63764480033297d84c727) Importer(815301076,1909f56bfc062723c751e8b465ee728b)  -> (artifact id: '9dd3c8821f1ad5a4439939d558d1ac35') in 0.014900 seconds
  Import took 0.056921 seconds .

========================================================================
Received Prepare
Registering precompiled user dll's ...
Registered in 0.007506 seconds.
Begin MonoManager ReloadAssembly
Native extension for WindowsStandalone target not found
Native extension for OSXStandalone target not found
Native extension for WebGL target not found
Refreshing native plugins compatible for Editor in 0.60 ms, found 3 plugins.
Preloading 0 native plugins for Editor in 0.00 ms.
Mono: successfully reloaded assembly
- Completed reload, in  1.874 seconds
Platform modules already initialized, skipping
Refreshing native plugins compatible for Editor in 0.71 ms, found 3 plugins.
Preloading 0 native plugins for Editor in 0.00 ms.
Unloading 2084 Unused Serialized files (Serialized files now loaded: 0)
System memory in use before: 97.3 MB.
System memory in use after: 97.3 MB.

Unloading 21 unused Assets to reduce memory usage. Loaded Objects now: 2619.
Total: 4.062400 ms (FindLiveObjects: 0.299900 ms CreateObjectMapping: 0.077700 ms MarkObjects: 3.428800 ms  DeleteObjects: 0.253400 ms)

========================================================================
Received Prepare
Registering precompiled user dll's ...
Registered in 0.004879 seconds.
Begin MonoManager ReloadAssembly
Native extension for WindowsStandalone target not found
Native extension for OSXStandalone target not found
Native extension for WebGL target not found
Refreshing native plugins compatible for Editor in 0.62 ms, found 3 plugins.
Preloading 0 native plugins for Editor in 0.00 ms.
Mono: successfully reloaded assembly
- Completed reload, in  1.507 seconds
Platform modules already initialized, skipping
Refreshing native plugins compatible for Editor in 0.74 ms, found 3 plugins.
Preloading 0 native plugins for Editor in 0.00 ms.
Unloading 2084 Unused Serialized files (Serialized files now loaded: 0)
System memory in use before: 97.4 MB.
System memory in use after: 97.3 MB.

Unloading 21 unused Assets to reduce memory usage. Loaded Objects now: 2623.
Total: 4.647300 ms (FindLiveObjects: 0.401200 ms CreateObjectMapping: 0.133300 ms MarkObjects: 3.905300 ms  DeleteObjects: 0.204800 ms)

========================================================================
Received Prepare
Registering precompiled user dll's ...
Registered in 0.007498 seconds.
Begin MonoManager ReloadAssembly
Native extension for WindowsStandalone target not found
Native extension for OSXStandalone target not found
Native extension for WebGL target not found
Refreshing native plugins compatible for Editor in 0.82 ms, found 3 plugins.
Preloading 0 native plugins for Editor in 0.00 ms.
Mono: successfully reloaded assembly
- Completed reload, in  1.993 seconds
Platform modules already initialized, skipping
Refreshing native plugins compatible for Editor in 0.82 ms, found 3 plugins.
Preloading 0 native plugins for Editor in 0.00 ms.
Unloading 2084 Unused Serialized files (Serialized files now loaded: 0)
System memory in use before: 97.4 MB.
System memory in use after: 97.3 MB.

Unloading 21 unused Assets to reduce memory usage. Loaded Objects now: 2627.
Total: 4.530100 ms (FindLiveObjects: 0.361300 ms CreateObjectMapping: 0.112100 ms MarkObjects: 3.838000 ms  DeleteObjects: 0.216000 ms)

========================================================================
Received Prepare
Registering precompiled user dll's ...
Registered in 0.005546 seconds.
Begin MonoManager ReloadAssembly
Native extension for WindowsStandalone target not found
Native extension for OSXStandalone target not found
Native extension for WebGL target not found
Refreshing native plugins compatible for Editor in 0.66 ms, found 3 plugins.
Preloading 0 native plugins for Editor in 0.00 ms.
Mono: successfully reloaded assembly
- Completed reload, in  1.546 seconds
Platform modules already initialized, skipping
Refreshing native plugins compatible for Editor in 0.83 ms, found 3 plugins.
Preloading 0 native plugins for Editor in 0.00 ms.
Unloading 2084 Unused Serialized files (Serialized files now loaded: 0)
System memory in use before: 97.4 MB.
System memory in use after: 97.4 MB.

Unloading 21 unused Assets to reduce memory usage. Loaded Objects now: 2631.
Total: 5.481000 ms (FindLiveObjects: 0.344400 ms CreateObjectMapping: 0.079700 ms MarkObjects: 4.752000 ms  DeleteObjects: 0.302600 ms)

========================================================================
Received Prepare
Registering precompiled user dll's ...
Registered in 0.004964 seconds.
Begin MonoManager ReloadAssembly
Native extension for WindowsStandalone target not found
Native extension for OSXStandalone target not found
Native extension for WebGL target not found
Refreshing native plugins compatible for Editor in 0.81 ms, found 3 plugins.
Preloading 0 native plugins for Editor in 0.00 ms.
Mono: successfully reloaded assembly
- Completed reload, in  1.564 seconds
Platform modules already initialized, skipping
Refreshing native plugins compatible for Editor in 1.35 ms, found 3 plugins.
Preloading 0 native plugins for Editor in 0.00 ms.
Unloading 2084 Unused Serialized files (Serialized files now loaded: 0)
System memory in use before: 97.4 MB.
System memory in use after: 97.4 MB.

Unloading 21 unused Assets to reduce memory usage. Loaded Objects now: 2635.
Total: 4.969900 ms (FindLiveObjects: 0.472500 ms CreateObjectMapping: 0.145400 ms MarkObjects: 4.139500 ms  DeleteObjects: 0.209800 ms)

========================================================================
Received Prepare
Registering precompiled user dll's ...
Registered in 0.005835 seconds.
Begin MonoManager ReloadAssembly
Native extension for WindowsStandalone target not found
Native extension for OSXStandalone target not found
Native extension for WebGL target not found
Refreshing native plugins compatible for Editor in 0.99 ms, found 3 plugins.
Preloading 0 native plugins for Editor in 0.00 ms.
Mono: successfully reloaded assembly
- Completed reload, in  2.034 seconds
Platform modules already initialized, skipping
Refreshing native plugins compatible for Editor in 1.41 ms, found 3 plugins.
Preloading 0 native plugins for Editor in 0.00 ms.
Unloading 2084 Unused Serialized files (Serialized files now loaded: 0)
System memory in use before: 97.4 MB.
System memory in use after: 97.4 MB.

Unloading 21 unused Assets to reduce memory usage. Loaded Objects now: 2639.
Total: 5.436600 ms (FindLiveObjects: 0.515300 ms CreateObjectMapping: 0.144500 ms MarkObjects: 4.520500 ms  DeleteObjects: 0.253800 ms)

========================================================================
Received Prepare
Registering precompiled user dll's ...
Registered in 0.004823 seconds.
Begin MonoManager ReloadAssembly
Native extension for WindowsStandalone target not found
Native extension for OSXStandalone target not found
Native extension for WebGL target not found
Refreshing native plugins compatible for Editor in 0.66 ms, found 3 plugins.
Preloading 0 native plugins for Editor in 0.00 ms.
Mono: successfully reloaded assembly
- Completed reload, in  1.547 seconds
Platform modules already initialized, skipping
Refreshing native plugins compatible for Editor in 0.79 ms, found 3 plugins.
Preloading 0 native plugins for Editor in 0.00 ms.
Unloading 2084 Unused Serialized files (Serialized files now loaded: 0)
System memory in use before: 97.4 MB.
System memory in use after: 97.4 MB.

Unloading 21 unused Assets to reduce memory usage. Loaded Objects now: 2643.
Total: 4.657000 ms (FindLiveObjects: 0.395300 ms CreateObjectMapping: 0.109500 ms MarkObjects: 3.921000 ms  DeleteObjects: 0.228300 ms)

========================================================================
Received Prepare
Registering precompiled user dll's ...
Registered in 0.008941 seconds.
Begin MonoManager ReloadAssembly
Native extension for WindowsStandalone target not found
Native extension for OSXStandalone target not found
Native extension for WebGL target not found
Refreshing native plugins compatible for Editor in 0.64 ms, found 3 plugins.
Preloading 0 native plugins for Editor in 0.00 ms.
Mono: successfully reloaded assembly
- Completed reload, in  1.506 seconds
Platform modules already initialized, skipping
Refreshing native plugins compatible for Editor in 0.82 ms, found 3 plugins.
Preloading 0 native plugins for Editor in 0.00 ms.
Unloading 2084 Unused Serialized files (Serialized files now loaded: 0)
System memory in use before: 97.4 MB.
System memory in use after: 97.4 MB.

Unloading 21 unused Assets to reduce memory usage. Loaded Objects now: 2647.
Total: 4.503200 ms (FindLiveObjects: 0.403600 ms CreateObjectMapping: 0.131400 ms MarkObjects: 3.773500 ms  DeleteObjects: 0.191500 ms)

========================================================================
Received Prepare
Registering precompiled user dll's ...
Registered in 0.005403 seconds.
Begin MonoManager ReloadAssembly
Native extension for WindowsStandalone target not found
Native extension for OSXStandalone target not found
Native extension for WebGL target not found
Refreshing native plugins compatible for Editor in 0.85 ms, found 3 plugins.
Preloading 0 native plugins for Editor in 0.00 ms.
Mono: successfully reloaded assembly
- Completed reload, in  2.166 seconds
Platform modules already initialized, skipping
Refreshing native plugins compatible for Editor in 0.83 ms, found 3 plugins.
Preloading 0 native plugins for Editor in 0.00 ms.
Unloading 2084 Unused Serialized files (Serialized files now loaded: 0)
System memory in use before: 97.4 MB.
System memory in use after: 97.4 MB.

Unloading 21 unused Assets to reduce memory usage. Loaded Objects now: 2651.
Total: 5.012000 ms (FindLiveObjects: 0.763600 ms CreateObjectMapping: 0.122900 ms MarkObjects: 3.903600 ms  DeleteObjects: 0.218800 ms)

========================================================================
Received Prepare
Registering precompiled user dll's ...
Registered in 0.008106 seconds.
Begin MonoManager ReloadAssembly
Native extension for WindowsStandalone target not found
Native extension for OSXStandalone target not found
Native extension for WebGL target not found
Refreshing native plugins compatible for Editor in 0.79 ms, found 3 plugins.
Preloading 0 native plugins for Editor in 0.00 ms.
Mono: successfully reloaded assembly
- Completed reload, in  2.152 seconds
Platform modules already initialized, skipping
Refreshing native plugins compatible for Editor in 0.77 ms, found 3 plugins.
Preloading 0 native plugins for Editor in 0.00 ms.
Unloading 2084 Unused Serialized files (Serialized files now loaded: 0)
System memory in use before: 97.4 MB.
System memory in use after: 97.4 MB.

Unloading 21 unused Assets to reduce memory usage. Loaded Objects now: 2655.
Total: 4.686800 ms (FindLiveObjects: 0.435400 ms CreateObjectMapping: 0.137300 ms MarkObjects: 3.883800 ms  DeleteObjects: 0.227600 ms)

========================================================================
Received Prepare
Registering precompiled user dll's ...
Registered in 0.164536 seconds.
Begin MonoManager ReloadAssembly
Native extension for WindowsStandalone target not found
Native extension for OSXStandalone target not found
Native extension for WebGL target not found
Refreshing native plugins compatible for Editor in 0.70 ms, found 3 plugins.
Preloading 0 native plugins for Editor in 0.00 ms.
Mono: successfully reloaded assembly
- Completed reload, in  3.062 seconds
Platform modules already initialized, skipping
Refreshing native plugins compatible for Editor in 0.65 ms, found 3 plugins.
Preloading 0 native plugins for Editor in 0.00 ms.
Unloading 2084 Unused Serialized files (Serialized files now loaded: 0)
System memory in use before: 97.4 MB.
System memory in use after: 97.4 MB.

Unloading 21 unused Assets to reduce memory usage. Loaded Objects now: 2659.
Total: 4.131000 ms (FindLiveObjects: 0.387300 ms CreateObjectMapping: 0.128000 ms MarkObjects: 3.294000 ms  DeleteObjects: 0.318400 ms)

AssetImportWorkerClient::OnTransportError - code=2 error=End of file
